{
  "commands": [
    {
      "name": "phone_extract_p13h_label_contrastive_shards",
      "returncode": 0,
      "stderr_first_4096": "",
      "stdout_first_4096": "2304\n"
    },
    {
      "name": "phone_prepare_p13h_bin",
      "returncode": 0,
      "stderr_first_4096": "",
      "stdout_first_4096": ""
    },
    {
      "name": "phone_hash_p13h_binaries",
      "returncode": 0,
      "stderr_first_4096": "",
      "stdout_first_4096": "54e571c9a7bf352dcc25f8298d589cb8fc39039de2173a6832832b07ebf23354  /data/local/tmp/polymath_gemma4_gate/phase13/20260524T210920Z_phase13_gemma4_only_heterogeneous/p13h/bin/gemma4_layer_runner\n1e45fef8e6b40895231d007c07b788fe1ab1589a987bc6e750c0c1c383c8a20b  /data/local/tmp/polymath_gemma4_gate/phase13/20260524T210920Z_phase13_gemma4_only_heterogeneous/p13h/bin/phase11_runner\n"
    },
    {
      "name": "phone_p13h_label_contrastive_objective_preflight",
      "returncode": 0,
      "stderr_first_4096": "",
      "stdout_first_4096": ""
    }
  ]
}
