{
  "commands": [
    {
      "local": "/Users/Zer0pa/Polymat AI/Polymath-AI/runtime/reports/gemma4_megakernel/phase13_gemma4_only_heterogeneous/20260524T210920Z_phase13_gemma4_only_heterogeneous/P13-H-overnight-phone-local-long-run/collection/chain/original_chain_state.json",
      "name": "pull_chain_file",
      "pulled": true,
      "remote": "/data/local/tmp/polymath_gemma4_gate/phase13/20260524T210920Z_phase13_gemma4_only_heterogeneous/p13h/p13h_20260524T210920Z_phase13_gemma4_only_heterogeneous_p13h_20260524T232423Z_chain_state.json"
    },
    {
      "local": "/Users/Zer0pa/Polymat AI/Polymath-AI/runtime/reports/gemma4_megakernel/phase13_gemma4_only_heterogeneous/20260524T210920Z_phase13_gemma4_only_heterogeneous/P13-H-overnight-phone-local-long-run/collection/chain/original_chain_events.jsonl",
      "name": "pull_chain_file",
      "pulled": true,
      "remote": "/data/local/tmp/polymath_gemma4_gate/phase13/20260524T210920Z_phase13_gemma4_only_heterogeneous/p13h/p13h_20260524T210920Z_phase13_gemma4_only_heterogeneous_p13h_20260524T232423Z_chain_events.jsonl"
    },
    {
      "local": "/Users/Zer0pa/Polymat AI/Polymath-AI/runtime/reports/gemma4_megakernel/phase13_gemma4_only_heterogeneous/20260524T210920Z_phase13_gemma4_only_heterogeneous/P13-H-overnight-phone-local-long-run/collection/chain/original_chain.log",
      "name": "pull_chain_file",
      "pulled": true,
      "remote": "/data/local/tmp/polymath_gemma4_gate/phase13/20260524T210920Z_phase13_gemma4_only_heterogeneous/p13h/p13h_20260524T210920Z_phase13_gemma4_only_heterogeneous_p13h_20260524T232423Z_chain.log"
    },
    {
      "local": "/Users/Zer0pa/Polymat AI/Polymath-AI/runtime/reports/gemma4_megakernel/phase13_gemma4_only_heterogeneous/20260524T210920Z_phase13_gemma4_only_heterogeneous/P13-H-overnight-phone-local-long-run/collection/chain/original_chain.bootstrap.log",
      "name": "pull_chain_file",
      "pulled": false,
      "remote": "/data/local/tmp/polymath_gemma4_gate/phase13/20260524T210920Z_phase13_gemma4_only_heterogeneous/p13h/p13h_20260524T210920Z_phase13_gemma4_only_heterogeneous_p13h_20260524T232423Z_chain.bootstrap.log"
    },
    {
      "local": "/Users/Zer0pa/Polymat AI/Polymath-AI/runtime/reports/gemma4_megakernel/phase13_gemma4_only_heterogeneous/20260524T210920Z_phase13_gemma4_only_heterogeneous/P13-H-overnight-phone-local-long-run/collection/chain/full_heldout_chain_state.json",
      "name": "pull_chain_file",
      "pulled": true,
      "remote": "/data/local/tmp/polymath_gemma4_gate/phase13/20260524T210920Z_phase13_gemma4_only_heterogeneous/p13h/p13h_20260524T210920Z_phase13_gemma4_only_heterogeneous_p13h_20260524T232423Z_fullheldout_full_heldout_chain_state.json"
    },
    {
      "local": "/Users/Zer0pa/Polymat AI/Polymath-AI/runtime/reports/gemma4_megakernel/phase13_gemma4_only_heterogeneous/20260524T210920Z_phase13_gemma4_only_heterogeneous/P13-H-overnight-phone-local-long-run/collection/chain/full_heldout_chain_events.jsonl",
      "name": "pull_chain_file",
      "pulled": true,
      "remote": "/data/local/tmp/polymath_gemma4_gate/phase13/20260524T210920Z_phase13_gemma4_only_heterogeneous/p13h/p13h_20260524T210920Z_phase13_gemma4_only_heterogeneous_p13h_20260524T232423Z_fullheldout_full_heldout_chain_events.jsonl"
    },
    {
      "local": "/Users/Zer0pa/Polymat AI/Polymath-AI/runtime/reports/gemma4_megakernel/phase13_gemma4_only_heterogeneous/20260524T210920Z_phase13_gemma4_only_heterogeneous/P13-H-overnight-phone-local-long-run/collection/chain/full_heldout_chain.log",
      "name": "pull_chain_file",
      "pulled": false,
      "remote": "/data/local/tmp/polymath_gemma4_gate/phase13/20260524T210920Z_phase13_gemma4_only_heterogeneous/p13h/p13h_20260524T210920Z_phase13_gemma4_only_heterogeneous_p13h_20260524T232423Z_fullheldout_full_heldout_chain.log"
    },
    {
      "local": "/Users/Zer0pa/Polymat AI/Polymath-AI/runtime/reports/gemma4_megakernel/phase13_gemma4_only_heterogeneous/20260524T210920Z_phase13_gemma4_only_heterogeneous/P13-H-overnight-phone-local-long-run/collection/chain/full_heldout_chain.bootstrap.log",
      "name": "pull_chain_file",
      "pulled": false,
      "remote": "/data/local/tmp/polymath_gemma4_gate/phase13/20260524T210920Z_phase13_gemma4_only_heterogeneous/p13h/p13h_20260524T210920Z_phase13_gemma4_only_heterogeneous_p13h_20260524T232423Z_fullheldout_full_heldout_chain.bootstrap.log"
    },
    {
      "local": "/Users/Zer0pa/Polymat AI/Polymath-AI/runtime/reports/gemma4_megakernel/phase13_gemma4_only_heterogeneous/20260524T210920Z_phase13_gemma4_only_heterogeneous/P13-H-overnight-phone-local-long-run/collection/chain/original_safety.jsonl",
      "name": "pull_safety_file",
      "pulled": true,
      "remote": "/data/local/tmp/polymath_gemma4_gate/phase13/20260524T210920Z_phase13_gemma4_only_heterogeneous/p13h/p13h_20260524T210920Z_phase13_gemma4_only_heterogeneous_p13h_20260524T232423Z_safety.jsonl"
    },
    {
      "local": "/Users/Zer0pa/Polymat AI/Polymath-AI/runtime/reports/gemma4_megakernel/phase13_gemma4_only_heterogeneous/20260524T210920Z_phase13_gemma4_only_heterogeneous/P13-H-overnight-phone-local-long-run/collection/chain/full_heldout_safety.jsonl",
      "name": "pull_safety_file",
      "pulled": true,
      "remote": "/data/local/tmp/polymath_gemma4_gate/phase13/20260524T210920Z_phase13_gemma4_only_heterogeneous/p13h/p13h_20260524T210920Z_phase13_gemma4_only_heterogeneous_p13h_20260524T232423Z_fullheldout_safety.jsonl"
    },
    {
      "local": "/Users/Zer0pa/Polymat AI/Polymath-AI/runtime/reports/gemma4_megakernel/phase13_gemma4_only_heterogeneous/20260524T210920Z_phase13_gemma4_only_heterogeneous/P13-H-overnight-phone-local-long-run/collection/arms/baseline_eval/gate_result.json",
      "name": "pull_gate_result.json",
      "pulled": true,
      "remote": "/data/local/tmp/polymath_gemma4_gate/phase13/20260524T210920Z_phase13_gemma4_only_heterogeneous/p13h/runs/20260524T210920Z_phase13_gemma4_only_heterogeneous_p13h_20260524T232423Z_baseline_eval/P13-H-overnight-phone-local-long-run/gate_result.json"
    },
    {
      "local": "/Users/Zer0pa/Polymat AI/Polymath-AI/runtime/reports/gemma4_megakernel/phase13_gemma4_only_heterogeneous/20260524T210920Z_phase13_gemma4_only_heterogeneous/P13-H-overnight-phone-local-long-run/collection/arms/baseline_eval/telemetry.jsonl",
      "name": "pull_telemetry.jsonl",
      "pulled": true,
      "remote": "/data/local/tmp/polymath_gemma4_gate/phase13/20260524T210920Z_phase13_gemma4_only_heterogeneous/p13h/runs/20260524T210920Z_phase13_gemma4_only_heterogeneous_p13h_20260524T232423Z_baseline_eval/P13-H-overnight-phone-local-long-run/telemetry.jsonl"
    },
    {
      "local": "/Users/Zer0pa/Polymat AI/Polymath-AI/runtime/reports/gemma4_megakernel/phase13_gemma4_only_heterogeneous/20260524T210920Z_phase13_gemma4_only_heterogeneous/P13-H-overnight-phone-local-long-run/collection/arms/baseline_eval/timing_breakdown.json",
      "name": "pull_timing_breakdown.json",
      "pulled": true,
      "remote": "/data/local/tmp/polymath_gemma4_gate/phase13/20260524T210920Z_phase13_gemma4_only_heterogeneous/p13h/runs/20260524T210920Z_phase13_gemma4_only_heterogeneous_p13h_20260524T232423Z_baseline_eval/P13-H-overnight-phone-local-long-run/timing_breakdown.json"
    },
    {
      "local": "/Users/Zer0pa/Polymat AI/Polymath-AI/runtime/reports/gemma4_megakernel/phase13_gemma4_only_heterogeneous/20260524T210920Z_phase13_gemma4_only_heterogeneous/P13-H-overnight-phone-local-long-run/collection/arms/baseline_eval/artifact_manifest.json",
      "name": "pull_artifact_manifest.json",
      "pulled": true,
      "remote": "/data/local/tmp/polymath_gemma4_gate/phase13/20260524T210920Z_phase13_gemma4_only_heterogeneous/p13h/runs/20260524T210920Z_phase13_gemma4_only_heterogeneous_p13h_20260524T232423Z_baseline_eval/P13-H-overnight-phone-local-long-run/artifact_manifest.json"
    },
    {
      "local": "/Users/Zer0pa/Polymat AI/Polymath-AI/runtime/reports/gemma4_megakernel/phase13_gemma4_only_heterogeneous/20260524T210920Z_phase13_gemma4_only_heterogeneous/P13-H-overnight-phone-local-long-run/collection/arms/baseline_eval/blockers.md",
      "name": "pull_blockers.md",
      "pulled": true,
      "remote": "/data/local/tmp/polymath_gemma4_gate/phase13/20260524T210920Z_phase13_gemma4_only_heterogeneous/p13h/runs/20260524T210920Z_phase13_gemma4_only_heterogeneous_p13h_20260524T232423Z_baseline_eval/P13-H-overnight-phone-local-long-run/blockers.md"
    },
    {
      "local": "/Users/Zer0pa/Polymat AI/Polymath-AI/runtime/reports/gemma4_megakernel/phase13_gemma4_only_heterogeneous/20260524T210920Z_phase13_gemma4_only_heterogeneous/P13-H-overnight-phone-local-long-run/collection/arms/baseline_eval/falsifier_report.md",
      "name": "pull_falsifier_report.md",
      "pulled": true,
      "remote": "/data/local/tmp/polymath_gemma4_gate/phase13/20260524T210920Z_phase13_gemma4_only_heterogeneous/p13h/runs/20260524T210920Z_phase13_gemma4_only_heterogeneous_p13h_20260524T232423Z_baseline_eval/P13-H-overnight-phone-local-long-run/falsifier_report.md"
    },
    {
      "local": "/Users/Zer0pa/Polymat AI/Polymath-AI/runtime/reports/gemma4_megakernel/phase13_gemma4_only_heterogeneous/20260524T210920Z_phase13_gemma4_only_heterogeneous/P13-H-overnight-phone-local-long-run/collection/arms/baseline_eval/commands.log",
      "name": "pull_commands.log",
      "pulled": true,
      "remote": "/data/local/tmp/polymath_gemma4_gate/phase13/20260524T210920Z_phase13_gemma4_only_heterogeneous/p13h/runs/20260524T210920Z_phase13_gemma4_only_heterogeneous_p13h_20260524T232423Z_baseline_eval/P13-H-overnight-phone-local-long-run/commands.log"
    },
    {
      "local": "/Users/Zer0pa/Polymat AI/Polymath-AI/runtime/reports/gemma4_megakernel/phase13_gemma4_only_heterogeneous/20260524T210920Z_phase13_gemma4_only_heterogeneous/P13-H-overnight-phone-local-long-run/collection/arms/baseline_eval/queue_schema.json",
      "name": "pull_queue_schema.json",
      "pulled": true,
      "remote": "/data/local/tmp/polymath_gemma4_gate/phase13/20260524T210920Z_phase13_gemma4_only_heterogeneous/p13h/runs/20260524T210920Z_phase13_gemma4_only_heterogeneous_p13h_20260524T232423Z_baseline_eval/P13-H-overnight-phone-local-long-run/queue_schema.json"
    },
    {
      "local": "/Users/Zer0pa/Polymat AI/Polymath-AI/runtime/reports/gemma4_megakernel/phase13_gemma4_only_heterogeneous/20260524T210920Z_phase13_gemma4_only_heterogeneous/P13-H-overnight-phone-local-long-run/collection/arms/baseline_eval/daemon_design_note.md",
      "name": "pull_daemon_design_note.md",
      "pulled": true,
      "remote": "/data/local/tmp/polymath_gemma4_gate/phase13/20260524T210920Z_phase13_gemma4_only_heterogeneous/p13h/runs/20260524T210920Z_phase13_gemma4_only_heterogeneous_p13h_20260524T232423Z_baseline_eval/P13-H-overnight-phone-local-long-run/daemon_design_note.md"
    },
    {
      "local": "/Users/Zer0pa/Polymat AI/Polymath-AI/runtime/reports/gemma4_megakernel/phase13_gemma4_only_heterogeneous/20260524T210920Z_phase13_gemma4_only_heterogeneous/P13-H-overnight-phone-local-long-run/collection/arms/baseline_eval/daemon_static_artifact_manifest.json",
      "name": "pull_daemon_static_artifact_manifest.json",
      "pulled": true,
      "remote": "/data/local/tmp/polymath_gemma4_gate/phase13/20260524T210920Z_phase13_gemma4_only_heterogeneous/p13h/runs/20260524T210920Z_phase13_gemma4_only_heterogeneous_p13h_20260524T232423Z_baseline_eval/P13-H-overnight-phone-local-long-run/daemon_static_artifact_manifest.json"
    },
    {
      "local": "/Users/Zer0pa/Polymat AI/Polymath-AI/runtime/reports/gemma4_megakernel/phase13_gemma4_only_heterogeneous/20260524T210920Z_phase13_gemma4_only_heterogeneous/P13-H-overnight-phone-local-long-run/collection/arms/baseline_eval/iterations/iter_000000/telemetry.json",
      "name": "pull_iteration_artifact",
      "pulled": true,
      "remote": "/data/local/tmp/polymath_gemma4_gate/phase13/20260524T210920Z_phase13_gemma4_only_heterogeneous/p13h/runs/20260524T210920Z_phase13_gemma4_only_heterogeneous_p13h_20260524T232423Z_baseline_eval/P13-H-overnight-phone-local-long-run/iterations/iter_000000/telemetry.json"
    },
    {
      "local": "/Users/Zer0pa/Polymat AI/Polymath-AI/runtime/reports/gemma4_megakernel/phase13_gemma4_only_heterogeneous/20260524T210920Z_phase13_gemma4_only_heterogeneous/P13-H-overnight-phone-local-long-run/collection/arms/baseline_eval/iterations/iter_000000/replay_manifest.json",
      "name": "pull_iteration_artifact",
      "pulled": true,
      "remote": "/data/local/tmp/polymath_gemma4_gate/phase13/20260524T210920Z_phase13_gemma4_only_heterogeneous/p13h/runs/20260524T210920Z_phase13_gemma4_only_heterogeneous_p13h_20260524T232423Z_baseline_eval/P13-H-overnight-phone-local-long-run/iterations/iter_000000/replay_manifest.json"
    },
    {
      "local": "/Users/Zer0pa/Polymat AI/Polymath-AI/runtime/reports/gemma4_megakernel/phase13_gemma4_only_heterogeneous/20260524T210920Z_phase13_gemma4_only_heterogeneous/P13-H-overnight-phone-local-long-run/collection/arms/baseline_eval/iterations/iter_000000/checkpoint/manifest.json",
      "name": "pull_iteration_artifact",
      "pulled": true,
      "remote": "/data/local/tmp/polymath_gemma4_gate/phase13/20260524T210920Z_phase13_gemma4_only_heterogeneous/p13h/runs/20260524T210920Z_phase13_gemma4_only_heterogeneous_p13h_20260524T232423Z_baseline_eval/P13-H-overnight-phone-local-long-run/iterations/iter_000000/checkpoint/manifest.json"
    },
    {
      "local": "/Users/Zer0pa/Polymat AI/Polymath-AI/runtime/reports/gemma4_megakernel/phase13_gemma4_only_heterogeneous/20260524T210920Z_phase13_gemma4_only_heterogeneous/P13-H-overnight-phone-local-long-run/collection/arms/train/gate_result.json",
      "name": "pull_gate_result.json",
      "pulled": true,
      "remote": "/data/local/tmp/polymath_gemma4_gate/phase13/20260524T210920Z_phase13_gemma4_only_heterogeneous/p13h/runs/20260524T210920Z_phase13_gemma4_only_heterogeneous_p13h_20260524T232423Z_train/P13-H-overnight-phone-local-long-run/gate_result.json"
    },
    {
      "local": "/Users/Zer0pa/Polymat AI/Polymath-AI/runtime/reports/gemma4_megakernel/phase13_gemma4_only_heterogeneous/20260524T210920Z_phase13_gemma4_only_heterogeneous/P13-H-overnight-phone-local-long-run/collection/arms/train/telemetry.jsonl",
      "name": "pull_telemetry.jsonl",
      "pulled": true,
      "remote": "/data/local/tmp/polymath_gemma4_gate/phase13/20260524T210920Z_phase13_gemma4_only_heterogeneous/p13h/runs/20260524T210920Z_phase13_gemma4_only_heterogeneous_p13h_20260524T232423Z_train/P13-H-overnight-phone-local-long-run/telemetry.jsonl"
    },
    {
      "local": "/Users/Zer0pa/Polymat AI/Polymath-AI/runtime/reports/gemma4_megakernel/phase13_gemma4_only_heterogeneous/20260524T210920Z_phase13_gemma4_only_heterogeneous/P13-H-overnight-phone-local-long-run/collection/arms/train/timing_breakdown.json",
      "name": "pull_timing_breakdown.json",
      "pulled": true,
      "remote": "/data/local/tmp/polymath_gemma4_gate/phase13/20260524T210920Z_phase13_gemma4_only_heterogeneous/p13h/runs/20260524T210920Z_phase13_gemma4_only_heterogeneous_p13h_20260524T232423Z_train/P13-H-overnight-phone-local-long-run/timing_breakdown.json"
    },
    {
      "local": "/Users/Zer0pa/Polymat AI/Polymath-AI/runtime/reports/gemma4_megakernel/phase13_gemma4_only_heterogeneous/20260524T210920Z_phase13_gemma4_only_heterogeneous/P13-H-overnight-phone-local-long-run/collection/arms/train/artifact_manifest.json",
      "name": "pull_artifact_manifest.json",
      "pulled": true,
      "remote": "/data/local/tmp/polymath_gemma4_gate/phase13/20260524T210920Z_phase13_gemma4_only_heterogeneous/p13h/runs/20260524T210920Z_phase13_gemma4_only_heterogeneous_p13h_20260524T232423Z_train/P13-H-overnight-phone-local-long-run/artifact_manifest.json"
    },
    {
      "local": "/Users/Zer0pa/Polymat AI/Polymath-AI/runtime/reports/gemma4_megakernel/phase13_gemma4_only_heterogeneous/20260524T210920Z_phase13_gemma4_only_heterogeneous/P13-H-overnight-phone-local-long-run/collection/arms/train/blockers.md",
      "name": "pull_blockers.md",
      "pulled": true,
      "remote": "/data/local/tmp/polymath_gemma4_gate/phase13/20260524T210920Z_phase13_gemma4_only_heterogeneous/p13h/runs/20260524T210920Z_phase13_gemma4_only_heterogeneous_p13h_20260524T232423Z_train/P13-H-overnight-phone-local-long-run/blockers.md"
    },
    {
      "local": "/Users/Zer0pa/Polymat AI/Polymath-AI/runtime/reports/gemma4_megakernel/phase13_gemma4_only_heterogeneous/20260524T210920Z_phase13_gemma4_only_heterogeneous/P13-H-overnight-phone-local-long-run/collection/arms/train/falsifier_report.md",
      "name": "pull_falsifier_report.md",
      "pulled": true,
      "remote": "/data/local/tmp/polymath_gemma4_gate/phase13/20260524T210920Z_phase13_gemma4_only_heterogeneous/p13h/runs/20260524T210920Z_phase13_gemma4_only_heterogeneous_p13h_20260524T232423Z_train/P13-H-overnight-phone-local-long-run/falsifier_report.md"
    },
    {
      "local": "/Users/Zer0pa/Polymat AI/Polymath-AI/runtime/reports/gemma4_megakernel/phase13_gemma4_only_heterogeneous/20260524T210920Z_phase13_gemma4_only_heterogeneous/P13-H-overnight-phone-local-long-run/collection/arms/train/commands.log",
      "name": "pull_commands.log",
      "pulled": true,
      "remote": "/data/local/tmp/polymath_gemma4_gate/phase13/20260524T210920Z_phase13_gemma4_only_heterogeneous/p13h/runs/20260524T210920Z_phase13_gemma4_only_heterogeneous_p13h_20260524T232423Z_train/P13-H-overnight-phone-local-long-run/commands.log"
    },
    {
      "local": "/Users/Zer0pa/Polymat AI/Polymath-AI/runtime/reports/gemma4_megakernel/phase13_gemma4_only_heterogeneous/20260524T210920Z_phase13_gemma4_only_heterogeneous/P13-H-overnight-phone-local-long-run/collection/arms/train/queue_schema.json",
      "name": "pull_queue_schema.json",
      "pulled": true,
      "remote": "/data/local/tmp/polymath_gemma4_gate/phase13/20260524T210920Z_phase13_gemma4_only_heterogeneous/p13h/runs/20260524T210920Z_phase13_gemma4_only_heterogeneous_p13h_20260524T232423Z_train/P13-H-overnight-phone-local-long-run/queue_schema.json"
    },
    {
      "local": "/Users/Zer0pa/Polymat AI/Polymath-AI/runtime/reports/gemma4_megakernel/phase13_gemma4_only_heterogeneous/20260524T210920Z_phase13_gemma4_only_heterogeneous/P13-H-overnight-phone-local-long-run/collection/arms/train/daemon_design_note.md",
      "name": "pull_daemon_design_note.md",
      "pulled": true,
      "remote": "/data/local/tmp/polymath_gemma4_gate/phase13/20260524T210920Z_phase13_gemma4_only_heterogeneous/p13h/runs/20260524T210920Z_phase13_gemma4_only_heterogeneous_p13h_20260524T232423Z_train/P13-H-overnight-phone-local-long-run/daemon_design_note.md"
    },
    {
      "local": "/Users/Zer0pa/Polymat AI/Polymath-AI/runtime/reports/gemma4_megakernel/phase13_gemma4_only_heterogeneous/20260524T210920Z_phase13_gemma4_only_heterogeneous/P13-H-overnight-phone-local-long-run/collection/arms/train/daemon_static_artifact_manifest.json",
      "name": "pull_daemon_static_artifact_manifest.json",
      "pulled": true,
      "remote": "/data/local/tmp/polymath_gemma4_gate/phase13/20260524T210920Z_phase13_gemma4_only_heterogeneous/p13h/runs/20260524T210920Z_phase13_gemma4_only_heterogeneous_p13h_20260524T232423Z_train/P13-H-overnight-phone-local-long-run/daemon_static_artifact_manifest.json"
    },
    {
      "local": "/Users/Zer0pa/Polymat AI/Polymath-AI/runtime/reports/gemma4_megakernel/phase13_gemma4_only_heterogeneous/20260524T210920Z_phase13_gemma4_only_heterogeneous/P13-H-overnight-phone-local-long-run/collection/arms/train/iterations/iter_000000/telemetry.json",
      "name": "pull_iteration_artifact",
      "pulled": true,
      "remote": "/data/local/tmp/polymath_gemma4_gate/phase13/20260524T210920Z_phase13_gemma4_only_heterogeneous/p13h/runs/20260524T210920Z_phase13_gemma4_only_heterogeneous_p13h_20260524T232423Z_train/P13-H-overnight-phone-local-long-run/iterations/iter_000000/telemetry.json"
    },
    {
      "local": "/Users/Zer0pa/Polymat AI/Polymath-AI/runtime/reports/gemma4_megakernel/phase13_gemma4_only_heterogeneous/20260524T210920Z_phase13_gemma4_only_heterogeneous/P13-H-overnight-phone-local-long-run/collection/arms/train/iterations/iter_000000/replay_manifest.json",
      "name": "pull_iteration_artifact",
      "pulled": true,
      "remote": "/data/local/tmp/polymath_gemma4_gate/phase13/20260524T210920Z_phase13_gemma4_only_heterogeneous/p13h/runs/20260524T210920Z_phase13_gemma4_only_heterogeneous_p13h_20260524T232423Z_train/P13-H-overnight-phone-local-long-run/iterations/iter_000000/replay_manifest.json"
    },
    {
      "local": "/Users/Zer0pa/Polymat AI/Polymath-AI/runtime/reports/gemma4_megakernel/phase13_gemma4_only_heterogeneous/20260524T210920Z_phase13_gemma4_only_heterogeneous/P13-H-overnight-phone-local-long-run/collection/arms/train/iterations/iter_000000/checkpoint/manifest.json",
      "name": "pull_iteration_artifact",
      "pulled": true,
      "remote": "/data/local/tmp/polymath_gemma4_gate/phase13/20260524T210920Z_phase13_gemma4_only_heterogeneous/p13h/runs/20260524T210920Z_phase13_gemma4_only_heterogeneous_p13h_20260524T232423Z_train/P13-H-overnight-phone-local-long-run/iterations/iter_000000/checkpoint/manifest.json"
    },
    {
      "local": "/Users/Zer0pa/Polymat AI/Polymath-AI/runtime/reports/gemma4_megakernel/phase13_gemma4_only_heterogeneous/20260524T210920Z_phase13_gemma4_only_heterogeneous/P13-H-overnight-phone-local-long-run/collection/arms/train/iterations/iter_000001/telemetry.json",
      "name": "pull_iteration_artifact",
      "pulled": true,
      "remote": "/data/local/tmp/polymath_gemma4_gate/phase13/20260524T210920Z_phase13_gemma4_only_heterogeneous/p13h/runs/20260524T210920Z_phase13_gemma4_only_heterogeneous_p13h_20260524T232423Z_train/P13-H-overnight-phone-local-long-run/iterations/iter_000001/telemetry.json"
    },
    {
      "local": "/Users/Zer0pa/Polymat AI/Polymath-AI/runtime/reports/gemma4_megakernel/phase13_gemma4_only_heterogeneous/20260524T210920Z_phase13_gemma4_only_heterogeneous/P13-H-overnight-phone-local-long-run/collection/arms/train/iterations/iter_000001/replay_manifest.json",
      "name": "pull_iteration_artifact",
      "pulled": true,
      "remote": "/data/local/tmp/polymath_gemma4_gate/phase13/20260524T210920Z_phase13_gemma4_only_heterogeneous/p13h/runs/20260524T210920Z_phase13_gemma4_only_heterogeneous_p13h_20260524T232423Z_train/P13-H-overnight-phone-local-long-run/iterations/iter_000001/replay_manifest.json"
    },
    {
      "local": "/Users/Zer0pa/Polymat AI/Polymath-AI/runtime/reports/gemma4_megakernel/phase13_gemma4_only_heterogeneous/20260524T210920Z_phase13_gemma4_only_heterogeneous/P13-H-overnight-phone-local-long-run/collection/arms/train/iterations/iter_000001/checkpoint/manifest.json",
      "name": "pull_iteration_artifact",
      "pulled": true,
      "remote": "/data/local/tmp/polymath_gemma4_gate/phase13/20260524T210920Z_phase13_gemma4_only_heterogeneous/p13h/runs/20260524T210920Z_phase13_gemma4_only_heterogeneous_p13h_20260524T232423Z_train/P13-H-overnight-phone-local-long-run/iterations/iter_000001/checkpoint/manifest.json"
    },
    {
      "local": "/Users/Zer0pa/Polymat AI/Polymath-AI/runtime/reports/gemma4_megakernel/phase13_gemma4_only_heterogeneous/20260524T210920Z_phase13_gemma4_only_heterogeneous/P13-H-overnight-phone-local-long-run/collection/arms/train/iterations/iter_001740/telemetry.json",
      "name": "pull_iteration_artifact",
      "pulled": true,
      "remote": "/data/local/tmp/polymath_gemma4_gate/phase13/20260524T210920Z_phase13_gemma4_only_heterogeneous/p13h/runs/20260524T210920Z_phase13_gemma4_only_heterogeneous_p13h_20260524T232423Z_train/P13-H-overnight-phone-local-long-run/iterations/iter_001740/telemetry.json"
    },
    {
      "local": "/Users/Zer0pa/Polymat AI/Polymath-AI/runtime/reports/gemma4_megakernel/phase13_gemma4_only_heterogeneous/20260524T210920Z_phase13_gemma4_only_heterogeneous/P13-H-overnight-phone-local-long-run/collection/arms/train/iterations/iter_001740/replay_manifest.json",
      "name": "pull_iteration_artifact",
      "pulled": true,
      "remote": "/data/local/tmp/polymath_gemma4_gate/phase13/20260524T210920Z_phase13_gemma4_only_heterogeneous/p13h/runs/20260524T210920Z_phase13_gemma4_only_heterogeneous_p13h_20260524T232423Z_train/P13-H-overnight-phone-local-long-run/iterations/iter_001740/replay_manifest.json"
    },
    {
      "local": "/Users/Zer0pa/Polymat AI/Polymath-AI/runtime/reports/gemma4_megakernel/phase13_gemma4_only_heterogeneous/20260524T210920Z_phase13_gemma4_only_heterogeneous/P13-H-overnight-phone-local-long-run/collection/arms/train/iterations/iter_001740/checkpoint/manifest.json",
      "name": "pull_iteration_artifact",
      "pulled": true,
      "remote": "/data/local/tmp/polymath_gemma4_gate/phase13/20260524T210920Z_phase13_gemma4_only_heterogeneous/p13h/runs/20260524T210920Z_phase13_gemma4_only_heterogeneous_p13h_20260524T232423Z_train/P13-H-overnight-phone-local-long-run/iterations/iter_001740/checkpoint/manifest.json"
    },
    {
      "local": "/Users/Zer0pa/Polymat AI/Polymath-AI/runtime/reports/gemma4_megakernel/phase13_gemma4_only_heterogeneous/20260524T210920Z_phase13_gemma4_only_heterogeneous/P13-H-overnight-phone-local-long-run/collection/arms/train/iterations/iter_001741/telemetry.json",
      "name": "pull_iteration_artifact",
      "pulled": true,
      "remote": "/data/local/tmp/polymath_gemma4_gate/phase13/20260524T210920Z_phase13_gemma4_only_heterogeneous/p13h/runs/20260524T210920Z_phase13_gemma4_only_heterogeneous_p13h_20260524T232423Z_train/P13-H-overnight-phone-local-long-run/iterations/iter_001741/telemetry.json"
    },
    {
      "local": "/Users/Zer0pa/Polymat AI/Polymath-AI/runtime/reports/gemma4_megakernel/phase13_gemma4_only_heterogeneous/20260524T210920Z_phase13_gemma4_only_heterogeneous/P13-H-overnight-phone-local-long-run/collection/arms/train/iterations/iter_001741/replay_manifest.json",
      "name": "pull_iteration_artifact",
      "pulled": true,
      "remote": "/data/local/tmp/polymath_gemma4_gate/phase13/20260524T210920Z_phase13_gemma4_only_heterogeneous/p13h/runs/20260524T210920Z_phase13_gemma4_only_heterogeneous_p13h_20260524T232423Z_train/P13-H-overnight-phone-local-long-run/iterations/iter_001741/replay_manifest.json"
    },
    {
      "local": "/Users/Zer0pa/Polymat AI/Polymath-AI/runtime/reports/gemma4_megakernel/phase13_gemma4_only_heterogeneous/20260524T210920Z_phase13_gemma4_only_heterogeneous/P13-H-overnight-phone-local-long-run/collection/arms/train/iterations/iter_001741/checkpoint/manifest.json",
      "name": "pull_iteration_artifact",
      "pulled": true,
      "remote": "/data/local/tmp/polymath_gemma4_gate/phase13/20260524T210920Z_phase13_gemma4_only_heterogeneous/p13h/runs/20260524T210920Z_phase13_gemma4_only_heterogeneous_p13h_20260524T232423Z_train/P13-H-overnight-phone-local-long-run/iterations/iter_001741/checkpoint/manifest.json"
    },
    {
      "local": "/Users/Zer0pa/Polymat AI/Polymath-AI/runtime/reports/gemma4_megakernel/phase13_gemma4_only_heterogeneous/20260524T210920Z_phase13_gemma4_only_heterogeneous/P13-H-overnight-phone-local-long-run/collection/arms/trained_eval/gate_result.json",
      "name": "pull_gate_result.json",
      "pulled": false,
      "remote": "/data/local/tmp/polymath_gemma4_gate/phase13/20260524T210920Z_phase13_gemma4_only_heterogeneous/p13h/runs/20260524T210920Z_phase13_gemma4_only_heterogeneous_p13h_20260524T232423Z_trained_eval/P13-H-overnight-phone-local-long-run/gate_result.json"
    },
    {
      "local": "/Users/Zer0pa/Polymat AI/Polymath-AI/runtime/reports/gemma4_megakernel/phase13_gemma4_only_heterogeneous/20260524T210920Z_phase13_gemma4_only_heterogeneous/P13-H-overnight-phone-local-long-run/collection/arms/trained_eval/telemetry.jsonl",
      "name": "pull_telemetry.jsonl",
      "pulled": false,
      "remote": "/data/local/tmp/polymath_gemma4_gate/phase13/20260524T210920Z_phase13_gemma4_only_heterogeneous/p13h/runs/20260524T210920Z_phase13_gemma4_only_heterogeneous_p13h_20260524T232423Z_trained_eval/P13-H-overnight-phone-local-long-run/telemetry.jsonl"
    },
    {
      "local": "/Users/Zer0pa/Polymat AI/Polymath-AI/runtime/reports/gemma4_megakernel/phase13_gemma4_only_heterogeneous/20260524T210920Z_phase13_gemma4_only_heterogeneous/P13-H-overnight-phone-local-long-run/collection/arms/trained_eval/timing_breakdown.json",
      "name": "pull_timing_breakdown.json",
      "pulled": false,
      "remote": "/data/local/tmp/polymath_gemma4_gate/phase13/20260524T210920Z_phase13_gemma4_only_heterogeneous/p13h/runs/20260524T210920Z_phase13_gemma4_only_heterogeneous_p13h_20260524T232423Z_trained_eval/P13-H-overnight-phone-local-long-run/timing_breakdown.json"
    },
    {
      "local": "/Users/Zer0pa/Polymat AI/Polymath-AI/runtime/reports/gemma4_megakernel/phase13_gemma4_only_heterogeneous/20260524T210920Z_phase13_gemma4_only_heterogeneous/P13-H-overnight-phone-local-long-run/collection/arms/trained_eval/artifact_manifest.json",
      "name": "pull_artifact_manifest.json",
      "pulled": false,
      "remote": "/data/local/tmp/polymath_gemma4_gate/phase13/20260524T210920Z_phase13_gemma4_only_heterogeneous/p13h/runs/20260524T210920Z_phase13_gemma4_only_heterogeneous_p13h_20260524T232423Z_trained_eval/P13-H-overnight-phone-local-long-run/artifact_manifest.json"
    },
    {
      "local": "/Users/Zer0pa/Polymat AI/Polymath-AI/runtime/reports/gemma4_megakernel/phase13_gemma4_only_heterogeneous/20260524T210920Z_phase13_gemma4_only_heterogeneous/P13-H-overnight-phone-local-long-run/collection/arms/trained_eval/blockers.md",
      "name": "pull_blockers.md",
      "pulled": false,
      "remote": "/data/local/tmp/polymath_gemma4_gate/phase13/20260524T210920Z_phase13_gemma4_only_heterogeneous/p13h/runs/20260524T210920Z_phase13_gemma4_only_heterogeneous_p13h_20260524T232423Z_trained_eval/P13-H-overnight-phone-local-long-run/blockers.md"
    },
    {
      "local": "/Users/Zer0pa/Polymat AI/Polymath-AI/runtime/reports/gemma4_megakernel/phase13_gemma4_only_heterogeneous/20260524T210920Z_phase13_gemma4_only_heterogeneous/P13-H-overnight-phone-local-long-run/collection/arms/trained_eval/falsifier_report.md",
      "name": "pull_falsifier_report.md",
      "pulled": false,
      "remote": "/data/local/tmp/polymath_gemma4_gate/phase13/20260524T210920Z_phase13_gemma4_only_heterogeneous/p13h/runs/20260524T210920Z_phase13_gemma4_only_heterogeneous_p13h_20260524T232423Z_trained_eval/P13-H-overnight-phone-local-long-run/falsifier_report.md"
    },
    {
      "local": "/Users/Zer0pa/Polymat AI/Polymath-AI/runtime/reports/gemma4_megakernel/phase13_gemma4_only_heterogeneous/20260524T210920Z_phase13_gemma4_only_heterogeneous/P13-H-overnight-phone-local-long-run/collection/arms/trained_eval/commands.log",
      "name": "pull_commands.log",
      "pulled": false,
      "remote": "/data/local/tmp/polymath_gemma4_gate/phase13/20260524T210920Z_phase13_gemma4_only_heterogeneous/p13h/runs/20260524T210920Z_phase13_gemma4_only_heterogeneous_p13h_20260524T232423Z_trained_eval/P13-H-overnight-phone-local-long-run/commands.log"
    },
    {
      "local": "/Users/Zer0pa/Polymat AI/Polymath-AI/runtime/reports/gemma4_megakernel/phase13_gemma4_only_heterogeneous/20260524T210920Z_phase13_gemma4_only_heterogeneous/P13-H-overnight-phone-local-long-run/collection/arms/trained_eval/queue_schema.json",
      "name": "pull_queue_schema.json",
      "pulled": false,
      "remote": "/data/local/tmp/polymath_gemma4_gate/phase13/20260524T210920Z_phase13_gemma4_only_heterogeneous/p13h/runs/20260524T210920Z_phase13_gemma4_only_heterogeneous_p13h_20260524T232423Z_trained_eval/P13-H-overnight-phone-local-long-run/queue_schema.json"
    },
    {
      "local": "/Users/Zer0pa/Polymat AI/Polymath-AI/runtime/reports/gemma4_megakernel/phase13_gemma4_only_heterogeneous/20260524T210920Z_phase13_gemma4_only_heterogeneous/P13-H-overnight-phone-local-long-run/collection/arms/trained_eval/daemon_design_note.md",
      "name": "pull_daemon_design_note.md",
      "pulled": false,
      "remote": "/data/local/tmp/polymath_gemma4_gate/phase13/20260524T210920Z_phase13_gemma4_only_heterogeneous/p13h/runs/20260524T210920Z_phase13_gemma4_only_heterogeneous_p13h_20260524T232423Z_trained_eval/P13-H-overnight-phone-local-long-run/daemon_design_note.md"
    },
    {
      "local": "/Users/Zer0pa/Polymat AI/Polymath-AI/runtime/reports/gemma4_megakernel/phase13_gemma4_only_heterogeneous/20260524T210920Z_phase13_gemma4_only_heterogeneous/P13-H-overnight-phone-local-long-run/collection/arms/trained_eval/daemon_static_artifact_manifest.json",
      "name": "pull_daemon_static_artifact_manifest.json",
      "pulled": false,
      "remote": "/data/local/tmp/polymath_gemma4_gate/phase13/20260524T210920Z_phase13_gemma4_only_heterogeneous/p13h/runs/20260524T210920Z_phase13_gemma4_only_heterogeneous_p13h_20260524T232423Z_trained_eval/P13-H-overnight-phone-local-long-run/daemon_static_artifact_manifest.json"
    },
    {
      "local": "/Users/Zer0pa/Polymat AI/Polymath-AI/runtime/reports/gemma4_megakernel/phase13_gemma4_only_heterogeneous/20260524T210920Z_phase13_gemma4_only_heterogeneous/P13-H-overnight-phone-local-long-run/collection/arms/heldout_full_baseline/gate_result.json",
      "name": "pull_gate_result.json",
      "pulled": false,
      "remote": "/data/local/tmp/polymath_gemma4_gate/phase13/20260524T210920Z_phase13_gemma4_only_heterogeneous/p13h/runs/20260524T210920Z_phase13_gemma4_only_heterogeneous_p13h_20260524T232423Z_fullheldout_heldout_full_baseline/P13-H-overnight-phone-local-long-run/gate_result.json"
    },
    {
      "local": "/Users/Zer0pa/Polymat AI/Polymath-AI/runtime/reports/gemma4_megakernel/phase13_gemma4_only_heterogeneous/20260524T210920Z_phase13_gemma4_only_heterogeneous/P13-H-overnight-phone-local-long-run/collection/arms/heldout_full_baseline/telemetry.jsonl",
      "name": "pull_telemetry.jsonl",
      "pulled": false,
      "remote": "/data/local/tmp/polymath_gemma4_gate/phase13/20260524T210920Z_phase13_gemma4_only_heterogeneous/p13h/runs/20260524T210920Z_phase13_gemma4_only_heterogeneous_p13h_20260524T232423Z_fullheldout_heldout_full_baseline/P13-H-overnight-phone-local-long-run/telemetry.jsonl"
    },
    {
      "local": "/Users/Zer0pa/Polymat AI/Polymath-AI/runtime/reports/gemma4_megakernel/phase13_gemma4_only_heterogeneous/20260524T210920Z_phase13_gemma4_only_heterogeneous/P13-H-overnight-phone-local-long-run/collection/arms/heldout_full_baseline/timing_breakdown.json",
      "name": "pull_timing_breakdown.json",
      "pulled": false,
      "remote": "/data/local/tmp/polymath_gemma4_gate/phase13/20260524T210920Z_phase13_gemma4_only_heterogeneous/p13h/runs/20260524T210920Z_phase13_gemma4_only_heterogeneous_p13h_20260524T232423Z_fullheldout_heldout_full_baseline/P13-H-overnight-phone-local-long-run/timing_breakdown.json"
    },
    {
      "local": "/Users/Zer0pa/Polymat AI/Polymath-AI/runtime/reports/gemma4_megakernel/phase13_gemma4_only_heterogeneous/20260524T210920Z_phase13_gemma4_only_heterogeneous/P13-H-overnight-phone-local-long-run/collection/arms/heldout_full_baseline/artifact_manifest.json",
      "name": "pull_artifact_manifest.json",
      "pulled": false,
      "remote": "/data/local/tmp/polymath_gemma4_gate/phase13/20260524T210920Z_phase13_gemma4_only_heterogeneous/p13h/runs/20260524T210920Z_phase13_gemma4_only_heterogeneous_p13h_20260524T232423Z_fullheldout_heldout_full_baseline/P13-H-overnight-phone-local-long-run/artifact_manifest.json"
    },
    {
      "local": "/Users/Zer0pa/Polymat AI/Polymath-AI/runtime/reports/gemma4_megakernel/phase13_gemma4_only_heterogeneous/20260524T210920Z_phase13_gemma4_only_heterogeneous/P13-H-overnight-phone-local-long-run/collection/arms/heldout_full_baseline/blockers.md",
      "name": "pull_blockers.md",
      "pulled": false,
      "remote": "/data/local/tmp/polymath_gemma4_gate/phase13/20260524T210920Z_phase13_gemma4_only_heterogeneous/p13h/runs/20260524T210920Z_phase13_gemma4_only_heterogeneous_p13h_20260524T232423Z_fullheldout_heldout_full_baseline/P13-H-overnight-phone-local-long-run/blockers.md"
    },
    {
      "local": "/Users/Zer0pa/Polymat AI/Polymath-AI/runtime/reports/gemma4_megakernel/phase13_gemma4_only_heterogeneous/20260524T210920Z_phase13_gemma4_only_heterogeneous/P13-H-overnight-phone-local-long-run/collection/arms/heldout_full_baseline/falsifier_report.md",
      "name": "pull_falsifier_report.md",
      "pulled": false,
      "remote": "/data/local/tmp/polymath_gemma4_gate/phase13/20260524T210920Z_phase13_gemma4_only_heterogeneous/p13h/runs/20260524T210920Z_phase13_gemma4_only_heterogeneous_p13h_20260524T232423Z_fullheldout_heldout_full_baseline/P13-H-overnight-phone-local-long-run/falsifier_report.md"
    },
    {
      "local": "/Users/Zer0pa/Polymat AI/Polymath-AI/runtime/reports/gemma4_megakernel/phase13_gemma4_only_heterogeneous/20260524T210920Z_phase13_gemma4_only_heterogeneous/P13-H-overnight-phone-local-long-run/collection/arms/heldout_full_baseline/commands.log",
      "name": "pull_commands.log",
      "pulled": false,
      "remote": "/data/local/tmp/polymath_gemma4_gate/phase13/20260524T210920Z_phase13_gemma4_only_heterogeneous/p13h/runs/20260524T210920Z_phase13_gemma4_only_heterogeneous_p13h_20260524T232423Z_fullheldout_heldout_full_baseline/P13-H-overnight-phone-local-long-run/commands.log"
    },
    {
      "local": "/Users/Zer0pa/Polymat AI/Polymath-AI/runtime/reports/gemma4_megakernel/phase13_gemma4_only_heterogeneous/20260524T210920Z_phase13_gemma4_only_heterogeneous/P13-H-overnight-phone-local-long-run/collection/arms/heldout_full_baseline/queue_schema.json",
      "name": "pull_queue_schema.json",
      "pulled": false,
      "remote": "/data/local/tmp/polymath_gemma4_gate/phase13/20260524T210920Z_phase13_gemma4_only_heterogeneous/p13h/runs/20260524T210920Z_phase13_gemma4_only_heterogeneous_p13h_20260524T232423Z_fullheldout_heldout_full_baseline/P13-H-overnight-phone-local-long-run/queue_schema.json"
    },
    {
      "local": "/Users/Zer0pa/Polymat AI/Polymath-AI/runtime/reports/gemma4_megakernel/phase13_gemma4_only_heterogeneous/20260524T210920Z_phase13_gemma4_only_heterogeneous/P13-H-overnight-phone-local-long-run/collection/arms/heldout_full_baseline/daemon_design_note.md",
      "name": "pull_daemon_design_note.md",
      "pulled": false,
      "remote": "/data/local/tmp/polymath_gemma4_gate/phase13/20260524T210920Z_phase13_gemma4_only_heterogeneous/p13h/runs/20260524T210920Z_phase13_gemma4_only_heterogeneous_p13h_20260524T232423Z_fullheldout_heldout_full_baseline/P13-H-overnight-phone-local-long-run/daemon_design_note.md"
    },
    {
      "local": "/Users/Zer0pa/Polymat AI/Polymath-AI/runtime/reports/gemma4_megakernel/phase13_gemma4_only_heterogeneous/20260524T210920Z_phase13_gemma4_only_heterogeneous/P13-H-overnight-phone-local-long-run/collection/arms/heldout_full_baseline/daemon_static_artifact_manifest.json",
      "name": "pull_daemon_static_artifact_manifest.json",
      "pulled": false,
      "remote": "/data/local/tmp/polymath_gemma4_gate/phase13/20260524T210920Z_phase13_gemma4_only_heterogeneous/p13h/runs/20260524T210920Z_phase13_gemma4_only_heterogeneous_p13h_20260524T232423Z_fullheldout_heldout_full_baseline/P13-H-overnight-phone-local-long-run/daemon_static_artifact_manifest.json"
    },
    {
      "local": "/Users/Zer0pa/Polymat AI/Polymath-AI/runtime/reports/gemma4_megakernel/phase13_gemma4_only_heterogeneous/20260524T210920Z_phase13_gemma4_only_heterogeneous/P13-H-overnight-phone-local-long-run/collection/arms/heldout_full_trained/gate_result.json",
      "name": "pull_gate_result.json",
      "pulled": false,
      "remote": "/data/local/tmp/polymath_gemma4_gate/phase13/20260524T210920Z_phase13_gemma4_only_heterogeneous/p13h/runs/20260524T210920Z_phase13_gemma4_only_heterogeneous_p13h_20260524T232423Z_fullheldout_heldout_full_trained/P13-H-overnight-phone-local-long-run/gate_result.json"
    },
    {
      "local": "/Users/Zer0pa/Polymat AI/Polymath-AI/runtime/reports/gemma4_megakernel/phase13_gemma4_only_heterogeneous/20260524T210920Z_phase13_gemma4_only_heterogeneous/P13-H-overnight-phone-local-long-run/collection/arms/heldout_full_trained/telemetry.jsonl",
      "name": "pull_telemetry.jsonl",
      "pulled": false,
      "remote": "/data/local/tmp/polymath_gemma4_gate/phase13/20260524T210920Z_phase13_gemma4_only_heterogeneous/p13h/runs/20260524T210920Z_phase13_gemma4_only_heterogeneous_p13h_20260524T232423Z_fullheldout_heldout_full_trained/P13-H-overnight-phone-local-long-run/telemetry.jsonl"
    },
    {
      "local": "/Users/Zer0pa/Polymat AI/Polymath-AI/runtime/reports/gemma4_megakernel/phase13_gemma4_only_heterogeneous/20260524T210920Z_phase13_gemma4_only_heterogeneous/P13-H-overnight-phone-local-long-run/collection/arms/heldout_full_trained/timing_breakdown.json",
      "name": "pull_timing_breakdown.json",
      "pulled": false,
      "remote": "/data/local/tmp/polymath_gemma4_gate/phase13/20260524T210920Z_phase13_gemma4_only_heterogeneous/p13h/runs/20260524T210920Z_phase13_gemma4_only_heterogeneous_p13h_20260524T232423Z_fullheldout_heldout_full_trained/P13-H-overnight-phone-local-long-run/timing_breakdown.json"
    },
    {
      "local": "/Users/Zer0pa/Polymat AI/Polymath-AI/runtime/reports/gemma4_megakernel/phase13_gemma4_only_heterogeneous/20260524T210920Z_phase13_gemma4_only_heterogeneous/P13-H-overnight-phone-local-long-run/collection/arms/heldout_full_trained/artifact_manifest.json",
      "name": "pull_artifact_manifest.json",
      "pulled": false,
      "remote": "/data/local/tmp/polymath_gemma4_gate/phase13/20260524T210920Z_phase13_gemma4_only_heterogeneous/p13h/runs/20260524T210920Z_phase13_gemma4_only_heterogeneous_p13h_20260524T232423Z_fullheldout_heldout_full_trained/P13-H-overnight-phone-local-long-run/artifact_manifest.json"
    },
    {
      "local": "/Users/Zer0pa/Polymat AI/Polymath-AI/runtime/reports/gemma4_megakernel/phase13_gemma4_only_heterogeneous/20260524T210920Z_phase13_gemma4_only_heterogeneous/P13-H-overnight-phone-local-long-run/collection/arms/heldout_full_trained/blockers.md",
      "name": "pull_blockers.md",
      "pulled": false,
      "remote": "/data/local/tmp/polymath_gemma4_gate/phase13/20260524T210920Z_phase13_gemma4_only_heterogeneous/p13h/runs/20260524T210920Z_phase13_gemma4_only_heterogeneous_p13h_20260524T232423Z_fullheldout_heldout_full_trained/P13-H-overnight-phone-local-long-run/blockers.md"
    },
    {
      "local": "/Users/Zer0pa/Polymat AI/Polymath-AI/runtime/reports/gemma4_megakernel/phase13_gemma4_only_heterogeneous/20260524T210920Z_phase13_gemma4_only_heterogeneous/P13-H-overnight-phone-local-long-run/collection/arms/heldout_full_trained/falsifier_report.md",
      "name": "pull_falsifier_report.md",
      "pulled": false,
      "remote": "/data/local/tmp/polymath_gemma4_gate/phase13/20260524T210920Z_phase13_gemma4_only_heterogeneous/p13h/runs/20260524T210920Z_phase13_gemma4_only_heterogeneous_p13h_20260524T232423Z_fullheldout_heldout_full_trained/P13-H-overnight-phone-local-long-run/falsifier_report.md"
    },
    {
      "local": "/Users/Zer0pa/Polymat AI/Polymath-AI/runtime/reports/gemma4_megakernel/phase13_gemma4_only_heterogeneous/20260524T210920Z_phase13_gemma4_only_heterogeneous/P13-H-overnight-phone-local-long-run/collection/arms/heldout_full_trained/commands.log",
      "name": "pull_commands.log",
      "pulled": false,
      "remote": "/data/local/tmp/polymath_gemma4_gate/phase13/20260524T210920Z_phase13_gemma4_only_heterogeneous/p13h/runs/20260524T210920Z_phase13_gemma4_only_heterogeneous_p13h_20260524T232423Z_fullheldout_heldout_full_trained/P13-H-overnight-phone-local-long-run/commands.log"
    },
    {
      "local": "/Users/Zer0pa/Polymat AI/Polymath-AI/runtime/reports/gemma4_megakernel/phase13_gemma4_only_heterogeneous/20260524T210920Z_phase13_gemma4_only_heterogeneous/P13-H-overnight-phone-local-long-run/collection/arms/heldout_full_trained/queue_schema.json",
      "name": "pull_queue_schema.json",
      "pulled": false,
      "remote": "/data/local/tmp/polymath_gemma4_gate/phase13/20260524T210920Z_phase13_gemma4_only_heterogeneous/p13h/runs/20260524T210920Z_phase13_gemma4_only_heterogeneous_p13h_20260524T232423Z_fullheldout_heldout_full_trained/P13-H-overnight-phone-local-long-run/queue_schema.json"
    },
    {
      "local": "/Users/Zer0pa/Polymat AI/Polymath-AI/runtime/reports/gemma4_megakernel/phase13_gemma4_only_heterogeneous/20260524T210920Z_phase13_gemma4_only_heterogeneous/P13-H-overnight-phone-local-long-run/collection/arms/heldout_full_trained/daemon_design_note.md",
      "name": "pull_daemon_design_note.md",
      "pulled": false,
      "remote": "/data/local/tmp/polymath_gemma4_gate/phase13/20260524T210920Z_phase13_gemma4_only_heterogeneous/p13h/runs/20260524T210920Z_phase13_gemma4_only_heterogeneous_p13h_20260524T232423Z_fullheldout_heldout_full_trained/P13-H-overnight-phone-local-long-run/daemon_design_note.md"
    },
    {
      "local": "/Users/Zer0pa/Polymat AI/Polymath-AI/runtime/reports/gemma4_megakernel/phase13_gemma4_only_heterogeneous/20260524T210920Z_phase13_gemma4_only_heterogeneous/P13-H-overnight-phone-local-long-run/collection/arms/heldout_full_trained/daemon_static_artifact_manifest.json",
      "name": "pull_daemon_static_artifact_manifest.json",
      "pulled": false,
      "remote": "/data/local/tmp/polymath_gemma4_gate/phase13/20260524T210920Z_phase13_gemma4_only_heterogeneous/p13h/runs/20260524T210920Z_phase13_gemma4_only_heterogeneous_p13h_20260524T232423Z_fullheldout_heldout_full_trained/P13-H-overnight-phone-local-long-run/daemon_static_artifact_manifest.json"
    }
  ]
}
