{"name": "post-layer1 base phone update", "returncode": 0, "stderr_first_2048": "", "stdout_first_2048": ""}
{"name": "layer1 finite difference 000 minus", "returncode": 0, "stderr_first_2048": "", "stdout_first_2048": ""}
{"name": "layer1 finite difference 000 plus", "returncode": 0, "stderr_first_2048": "", "stdout_first_2048": ""}
{"name": "layer1 finite difference 001 minus", "returncode": 0, "stderr_first_2048": "", "stdout_first_2048": ""}
{"name": "layer1 finite difference 001 plus", "returncode": 0, "stderr_first_2048": "", "stdout_first_2048": ""}
{"name": "layer1 finite difference 002 minus", "returncode": 0, "stderr_first_2048": "", "stdout_first_2048": ""}
{"name": "layer1 finite difference 002 plus", "returncode": 0, "stderr_first_2048": "", "stdout_first_2048": ""}
{"name": "layer1 finite difference 003 minus", "returncode": 0, "stderr_first_2048": "", "stdout_first_2048": ""}
{"name": "layer1 finite difference 003 plus", "returncode": 0, "stderr_first_2048": "", "stdout_first_2048": ""}
{"name": "layer1 finite difference 004 minus", "returncode": 0, "stderr_first_2048": "", "stdout_first_2048": ""}
{"name": "layer1 finite difference 004 plus", "returncode": 0, "stderr_first_2048": "", "stdout_first_2048": ""}
{"name": "layer1 finite difference 005 minus", "returncode": 0, "stderr_first_2048": "", "stdout_first_2048": ""}
{"name": "layer1 finite difference 005 plus", "returncode": 0, "stderr_first_2048": "", "stdout_first_2048": ""}
{"name": "layer1 finite difference 006 minus", "returncode": 0, "stderr_first_2048": "", "stdout_first_2048": ""}
{"name": "layer1 finite difference 006 plus", "returncode": 0, "stderr_first_2048": "", "stdout_first_2048": ""}
{"name": "layer1 finite difference 007 minus", "returncode": 0, "stderr_first_2048": "", "stdout_first_2048": ""}
{"name": "layer1 finite difference 007 plus", "returncode": 0, "stderr_first_2048": "", "stdout_first_2048": ""}
{"name": "regression g1_layer0_opencl_smoke", "returncode": 0, "stderr_first_2048": "", "stdout_first_2048": ""}
{"name": "regression g3_two_layer_opencl_stack_smoke", "returncode": 0, "stderr_first_2048": "", "stdout_first_2048": ""}
{"name": "regression g8_rank4_distill_compact_smoke", "returncode": 0, "stderr_first_2048": "", "stdout_first_2048": ""}
{"name": "regression post_layer0_topk_regression_smoke", "returncode": 0, "stderr_first_2048": "", "stdout_first_2048": ""}
